c:\users\alexandr\source\repos\doomengine\doom\x64\debug\pch.obj
c:\users\alexandr\source\repos\doomengine\doom\x64\debug\imgui_widgets.obj
c:\users\alexandr\source\repos\doomengine\doom\x64\debug\imgui_impl_glfw.obj
c:\users\alexandr\source\repos\doomengine\doom\x64\debug\imgui.obj
c:\users\alexandr\source\repos\doomengine\doom\x64\debug\imgui_draw.obj
c:\users\alexandr\source\repos\doomengine\doom\x64\debug\imgui_impl_opengl3.obj
c:\users\alexandr\source\repos\doomengine\doom\x64\debug\application.obj
c:\users\alexandr\source\repos\doomengine\doom\x64\debug\doom.obj
c:\users\alexandr\source\repos\doomengine\doom\x64\debug\imgui_demo.obj
c:\users\alexandr\source\repos\doomengine\doom\x64\debug\vc141.pdb
c:\users\alexandr\source\repos\doomengine\x64\debug\doom.lib
c:\users\alexandr\source\repos\doomengine\x64\debug\doom.exp
c:\users\alexandr\source\repos\doomengine\x64\debug\doom.ilk
c:\users\alexandr\source\repos\doomengine\x64\debug\doom.exe
c:\users\alexandr\source\repos\doomengine\x64\debug\doom.pdb
c:\users\alexandr\source\repos\doomengine\doom\x64\debug\vc141.idb
c:\users\alexandr\source\repos\doomengine\doom\x64\debug\doom.tlog\cl.10584.write.1.tlog
c:\users\alexandr\source\repos\doomengine\doom\x64\debug\doom.tlog\cl.command.1.tlog
c:\users\alexandr\source\repos\doomengine\doom\x64\debug\doom.tlog\cl.read.1.tlog
c:\users\alexandr\source\repos\doomengine\doom\x64\debug\doom.tlog\doom.write.1u.tlog
c:\users\alexandr\source\repos\doomengine\doom\x64\debug\doom.tlog\link.command.1.tlog
c:\users\alexandr\source\repos\doomengine\doom\x64\debug\doom.tlog\link.read.1.tlog
c:\users\alexandr\source\repos\doomengine\doom\x64\debug\doom.tlog\link.write.1.tlog
